Sun, 05 Jan 2020 21:30:35 +0900
calypso.bosai.go.jp
/work05/manda/NCL/ANO_MON_SST
-rwxrw-r-- 1 manda manda 508 2020-01-05 20:48 ANO_MON_SST.sh
-rwxrw-r-- 1 manda manda 5.0K 2020-01-05 21:30 ANO_MON_SST.ncl

READ SST                                      |  2020-01-05 21:30:35 JST
CHECK SST                                     |  2020-01-05 21:30:44 JST
nt=58
OUTPUT: OUT_ANO_MON_SST/SST_195801
OUTPUT: OUT_ANO_MON_SST/SST_195901
OUTPUT: OUT_ANO_MON_SST/SST_196001
OUTPUT: OUT_ANO_MON_SST/SST_196101
OUTPUT: OUT_ANO_MON_SST/SST_196201
OUTPUT: OUT_ANO_MON_SST/SST_196301
OUTPUT: OUT_ANO_MON_SST/SST_196401
OUTPUT: OUT_ANO_MON_SST/SST_196501
OUTPUT: OUT_ANO_MON_SST/SST_196601
OUTPUT: OUT_ANO_MON_SST/SST_196701
OUTPUT: OUT_ANO_MON_SST/SST_196801
OUTPUT: OUT_ANO_MON_SST/SST_196901
OUTPUT: OUT_ANO_MON_SST/SST_197001
OUTPUT: OUT_ANO_MON_SST/SST_197101
OUTPUT: OUT_ANO_MON_SST/SST_197201
OUTPUT: OUT_ANO_MON_SST/SST_197301
OUTPUT: OUT_ANO_MON_SST/SST_197401
OUTPUT: OUT_ANO_MON_SST/SST_197501
OUTPUT: OUT_ANO_MON_SST/SST_197601
OUTPUT: OUT_ANO_MON_SST/SST_197701
OUTPUT: OUT_ANO_MON_SST/SST_197801
OUTPUT: OUT_ANO_MON_SST/SST_197901
OUTPUT: OUT_ANO_MON_SST/SST_198001
OUTPUT: OUT_ANO_MON_SST/SST_198101
OUTPUT: OUT_ANO_MON_SST/SST_198201
OUTPUT: OUT_ANO_MON_SST/SST_198301
OUTPUT: OUT_ANO_MON_SST/SST_198401
OUTPUT: OUT_ANO_MON_SST/SST_198501
OUTPUT: OUT_ANO_MON_SST/SST_198601
OUTPUT: OUT_ANO_MON_SST/SST_198701
OUTPUT: OUT_ANO_MON_SST/SST_198801
OUTPUT: OUT_ANO_MON_SST/SST_198901
OUTPUT: OUT_ANO_MON_SST/SST_199001
OUTPUT: OUT_ANO_MON_SST/SST_199101
OUTPUT: OUT_ANO_MON_SST/SST_199201
OUTPUT: OUT_ANO_MON_SST/SST_199301
OUTPUT: OUT_ANO_MON_SST/SST_199401
OUTPUT: OUT_ANO_MON_SST/SST_199501
OUTPUT: OUT_ANO_MON_SST/SST_199601
OUTPUT: OUT_ANO_MON_SST/SST_199701
OUTPUT: OUT_ANO_MON_SST/SST_199801
OUTPUT: OUT_ANO_MON_SST/SST_199901
OUTPUT: OUT_ANO_MON_SST/SST_200001
OUTPUT: OUT_ANO_MON_SST/SST_200101
OUTPUT: OUT_ANO_MON_SST/SST_200201
OUTPUT: OUT_ANO_MON_SST/SST_200301
OUTPUT: OUT_ANO_MON_SST/SST_200401
OUTPUT: OUT_ANO_MON_SST/SST_200501
OUTPUT: OUT_ANO_MON_SST/SST_200601
OUTPUT: OUT_ANO_MON_SST/SST_200701
OUTPUT: OUT_ANO_MON_SST/SST_200801
OUTPUT: OUT_ANO_MON_SST/SST_200901
OUTPUT: OUT_ANO_MON_SST/SST_201001
OUTPUT: OUT_ANO_MON_SST/SST_201101
OUTPUT: OUT_ANO_MON_SST/SST_201201
OUTPUT: OUT_ANO_MON_SST/SST_201301
OUTPUT: OUT_ANO_MON_SST/SST_201401
OUTPUT: OUT_ANO_MON_SST/SST_201501
CHECK SST ANO                                 |  2020-01-05 21:31:05 JST
nt=58
OUTPUT: OUT_ANO_MON_SST/SST_ANO_195801
OUTPUT: OUT_ANO_MON_SST/SST_ANO_195901
OUTPUT: OUT_ANO_MON_SST/SST_ANO_196001
OUTPUT: OUT_ANO_MON_SST/SST_ANO_196101
OUTPUT: OUT_ANO_MON_SST/SST_ANO_196201
OUTPUT: OUT_ANO_MON_SST/SST_ANO_196301
OUTPUT: OUT_ANO_MON_SST/SST_ANO_196401
OUTPUT: OUT_ANO_MON_SST/SST_ANO_196501
OUTPUT: OUT_ANO_MON_SST/SST_ANO_196601
OUTPUT: OUT_ANO_MON_SST/SST_ANO_196701
OUTPUT: OUT_ANO_MON_SST/SST_ANO_196801
OUTPUT: OUT_ANO_MON_SST/SST_ANO_196901
OUTPUT: OUT_ANO_MON_SST/SST_ANO_197001
OUTPUT: OUT_ANO_MON_SST/SST_ANO_197101
OUTPUT: OUT_ANO_MON_SST/SST_ANO_197201
OUTPUT: OUT_ANO_MON_SST/SST_ANO_197301
OUTPUT: OUT_ANO_MON_SST/SST_ANO_197401
OUTPUT: OUT_ANO_MON_SST/SST_ANO_197501
OUTPUT: OUT_ANO_MON_SST/SST_ANO_197601
OUTPUT: OUT_ANO_MON_SST/SST_ANO_197701
OUTPUT: OUT_ANO_MON_SST/SST_ANO_197801
OUTPUT: OUT_ANO_MON_SST/SST_ANO_197901
OUTPUT: OUT_ANO_MON_SST/SST_ANO_198001
OUTPUT: OUT_ANO_MON_SST/SST_ANO_198101
OUTPUT: OUT_ANO_MON_SST/SST_ANO_198201
OUTPUT: OUT_ANO_MON_SST/SST_ANO_198301
OUTPUT: OUT_ANO_MON_SST/SST_ANO_198401
OUTPUT: OUT_ANO_MON_SST/SST_ANO_198501
OUTPUT: OUT_ANO_MON_SST/SST_ANO_198601
OUTPUT: OUT_ANO_MON_SST/SST_ANO_198701
OUTPUT: OUT_ANO_MON_SST/SST_ANO_198801
OUTPUT: OUT_ANO_MON_SST/SST_ANO_198901
OUTPUT: OUT_ANO_MON_SST/SST_ANO_199001
OUTPUT: OUT_ANO_MON_SST/SST_ANO_199101
OUTPUT: OUT_ANO_MON_SST/SST_ANO_199201
OUTPUT: OUT_ANO_MON_SST/SST_ANO_199301
OUTPUT: OUT_ANO_MON_SST/SST_ANO_199401
OUTPUT: OUT_ANO_MON_SST/SST_ANO_199501
OUTPUT: OUT_ANO_MON_SST/SST_ANO_199601
OUTPUT: OUT_ANO_MON_SST/SST_ANO_199701
OUTPUT: OUT_ANO_MON_SST/SST_ANO_199801
OUTPUT: OUT_ANO_MON_SST/SST_ANO_199901
OUTPUT: OUT_ANO_MON_SST/SST_ANO_200001
OUTPUT: OUT_ANO_MON_SST/SST_ANO_200101
OUTPUT: OUT_ANO_MON_SST/SST_ANO_200201
OUTPUT: OUT_ANO_MON_SST/SST_ANO_200301
OUTPUT: OUT_ANO_MON_SST/SST_ANO_200401
OUTPUT: OUT_ANO_MON_SST/SST_ANO_200501
OUTPUT: OUT_ANO_MON_SST/SST_ANO_200601
OUTPUT: OUT_ANO_MON_SST/SST_ANO_200701
OUTPUT: OUT_ANO_MON_SST/SST_ANO_200801
OUTPUT: OUT_ANO_MON_SST/SST_ANO_200901
OUTPUT: OUT_ANO_MON_SST/SST_ANO_201001
OUTPUT: OUT_ANO_MON_SST/SST_ANO_201101
OUTPUT: OUT_ANO_MON_SST/SST_ANO_201201
OUTPUT: OUT_ANO_MON_SST/SST_ANO_201301
OUTPUT: OUT_ANO_MON_SST/SST_ANO_201401
OUTPUT: OUT_ANO_MON_SST/SST_ANO_201501

Variable: sst
Type: float
Total Size: 3716640 bytes
            929160 values
Number of Dimensions: 3
Dimensions and sizes:	[time | 58] x [lat | 89] x [lon | 180]
Coordinates: 
            time: [57708..78527]
            lat: [88..-88]
            lon: [ 0..358]
Number Of Attributes: 11
  long_name :	Monthly Means of Sea Surface Temperature
  units :	degC
  var_desc :	Sea Surface Temperature
  level_desc :	Surface
  statistic :	Mean
  missing_value :	-9.96921e+36
  actual_range :	( -1.8, 33.95 )
  valid_range :	( -5, 40 )
  dataset :	NOAA Extended Reconstructed SST V4
  parent_stat :	Individual Values
  _FillValue :	-9.96921e+36

Done ANO_MON_SST.ncl


